{
"contracts/Lottery.sol":{"l":{"77":3,"78":3,"79":3,"80":3,"81":3,"83":3,"84":3,"85":3,"86":3,"91":5,"92":4,"95":3,"96":3,"107":1,"108":1,"109":1,"110":0,"117":1,"132":1,"151":1,"152":1,"153":1,"154":1,"155":1,"156":1,"157":1,"165":0,"166":0,"167":0,"168":0,"169":0,"170":0,"171":0,"172":0,"173":0,"175":0,"181":5,"185":1,"189":0,"193":1,"197":5,"200":0,"204":0,"208":0,"212":5,"216":0},"path":"/Users/steinitz/Documents/Projects/Blockchain/SmartContractCourse/hardhat-lottery-fcc/contracts/Lottery.sol","s":{"1":5,"2":4,"3":3,"4":3,"5":1,"6":1,"7":1,"8":1,"9":1,"10":1,"11":1,"12":1,"13":1,"14":1,"15":0,"16":0,"17":0,"18":0,"19":0,"20":5,"21":1,"22":0,"23":1,"24":5,"25":0,"26":0,"27":0,"28":5,"29":0},"b":{"1":[1,4],"2":[1,3],"3":[0,1],"4":[0,0]},"f":{"1":3,"2":5,"3":1,"4":1,"5":0,"6":5,"7":1,"8":0,"9":1,"10":5,"11":0,"12":0,"13":0,"14":5,"15":0},"fnMap":{"1":{"name":"constructor","line":75,"loc":{"start":{"line":66,"column":2},"end":{"line":87,"column":2}}},"2":{"name":"enterLottery","line":89,"loc":{"start":{"line":89,"column":2},"end":{"line":97,"column":2}}},"3":{"name":"performUpkeep","line":103,"loc":{"start":{"line":103,"column":2},"end":{"line":135,"column":2}}},"4":{"name":"checkUpkeep","line":145,"loc":{"start":{"line":145,"column":2},"end":{"line":158,"column":2}}},"5":{"name":"fulfillRandomWords","line":161,"loc":{"start":{"line":161,"column":2},"end":{"line":176,"column":2}}},"6":{"name":"getEntranceFee","line":180,"loc":{"start":{"line":180,"column":2},"end":{"line":182,"column":2}}},"7":{"name":"getEntrant","line":184,"loc":{"start":{"line":184,"column":2},"end":{"line":186,"column":2}}},"8":{"name":"getRecentWinner","line":188,"loc":{"start":{"line":188,"column":2},"end":{"line":190,"column":2}}},"9":{"name":"getLotteryState","line":192,"loc":{"start":{"line":192,"column":2},"end":{"line":194,"column":2}}},"10":{"name":"getChainlinkAutomationUpdateInterval","line":196,"loc":{"start":{"line":196,"column":2},"end":{"line":197,"column":47}}},"11":{"name":"getNumWords","line":199,"loc":{"start":{"line":199,"column":2},"end":{"line":201,"column":2}}},"12":{"name":"getNumberOfEntrants","line":203,"loc":{"start":{"line":203,"column":2},"end":{"line":205,"column":2}}},"13":{"name":"getLotteryStartTimestamp","line":207,"loc":{"start":{"line":207,"column":2},"end":{"line":209,"column":2}}},"14":{"name":"getLotteryDuration","line":211,"loc":{"start":{"line":211,"column":2},"end":{"line":213,"column":2}}},"15":{"name":"getRequestConfirmations","line":215,"loc":{"start":{"line":215,"column":2},"end":{"line":217,"column":2}}}},"statementMap":{"1":{"start":{"line":91,"column":4},"end":{"line":91,"column":74}},"2":{"start":{"line":92,"column":4},"end":{"line":92,"column":71}},"3":{"start":{"line":95,"column":4},"end":{"line":95,"column":39}},"4":{"start":{"line":96,"column":4},"end":{"line":96,"column":33}},"5":{"start":{"line":107,"column":4},"end":{"line":107,"column":43}},"6":{"start":{"line":109,"column":4},"end":{"line":109,"column":3352}},"7":{"start":{"line":117,"column":4},"end":{"line":117,"column":3582}},"8":{"start":{"line":132,"column":4},"end":{"line":132,"column":42}},"9":{"start":{"line":151,"column":4},"end":{"line":151,"column":55}},"10":{"start":{"line":152,"column":4},"end":{"line":152,"column":67}},"11":{"start":{"line":153,"column":4},"end":{"line":153,"column":57}},"12":{"start":{"line":154,"column":4},"end":{"line":154,"column":46}},"13":{"start":{"line":155,"column":4},"end":{"line":155,"column":43}},"14":{"start":{"line":157,"column":4},"end":{"line":157,"column":38}},"15":{"start":{"line":165,"column":4},"end":{"line":165,"column":62}},"16":{"start":{"line":166,"column":4},"end":{"line":166,"column":54}},"17":{"start":{"line":171,"column":4},"end":{"line":171,"column":68}},"18":{"start":{"line":172,"column":4},"end":{"line":172,"column":5602}},"19":{"start":{"line":175,"column":4},"end":{"line":175,"column":29}},"20":{"start":{"line":181,"column":4},"end":{"line":181,"column":24}},"21":{"start":{"line":185,"column":4},"end":{"line":185,"column":28}},"22":{"start":{"line":189,"column":4},"end":{"line":189,"column":19}},"23":{"start":{"line":193,"column":4},"end":{"line":193,"column":25}},"24":{"start":{"line":197,"column":4},"end":{"line":197,"column":46}},"25":{"start":{"line":200,"column":4},"end":{"line":200,"column":20}},"26":{"start":{"line":204,"column":4},"end":{"line":204,"column":28}},"27":{"start":{"line":208,"column":4},"end":{"line":208,"column":34}},"28":{"start":{"line":212,"column":4},"end":{"line":212,"column":28}},"29":{"start":{"line":216,"column":4},"end":{"line":216,"column":32}}},"branchMap":{"1":{"line":91,"type":"if","locations":[{"start":{"line":91,"column":4},"end":{"line":91,"column":4}},{"start":{"line":91,"column":4},"end":{"line":91,"column":4}}]},"2":{"line":92,"type":"if","locations":[{"start":{"line":92,"column":4},"end":{"line":92,"column":4}},{"start":{"line":92,"column":4},"end":{"line":92,"column":4}}]},"3":{"line":109,"type":"if","locations":[{"start":{"line":109,"column":4},"end":{"line":109,"column":4}},{"start":{"line":109,"column":4},"end":{"line":109,"column":4}}]},"4":{"line":172,"type":"if","locations":[{"start":{"line":172,"column":4},"end":{"line":172,"column":4}},{"start":{"line":172,"column":4},"end":{"line":172,"column":4}}]}}},
"contracts/mock/VRFCoordinatorV2Mock.sol":{"l":{},"path":"/Users/steinitz/Documents/Projects/Blockchain/SmartContractCourse/hardhat-lottery-fcc/contracts/mock/VRFCoordinatorV2Mock.sol","s":{},"b":{},"f":{},"fnMap":{},"statementMap":{},"branchMap":{}}}
