TN:
SF:/Users/steinitz/Documents/Projects/Blockchain/SmartContractCourse/hardhat-lottery-fcc/contracts/Lottery.sol
FN:75,constructor
FN:89,enterLottery
FN:103,performUpkeep
FN:145,checkUpkeep
FN:161,fulfillRandomWords
FN:180,getEntranceFee
FN:184,getEntrant
FN:188,getRecentWinner
FN:192,getLotteryState
FN:196,getChainlinkAutomationUpdateInterval
FN:199,getNumWords
FN:203,getNumberOfEntrants
FN:207,getLotteryStartTimestamp
FN:211,getLotteryDuration
FN:215,getRequestConfirmations
FNF:15
FNH:9
FNDA:3,constructor
FNDA:5,enterLottery
FNDA:1,performUpkeep
FNDA:1,checkUpkeep
FNDA:0,fulfillRandomWords
FNDA:5,getEntranceFee
FNDA:1,getEntrant
FNDA:0,getRecentWinner
FNDA:1,getLotteryState
FNDA:5,getChainlinkAutomationUpdateInterval
FNDA:0,getNumWords
FNDA:0,getNumberOfEntrants
FNDA:0,getLotteryStartTimestamp
FNDA:5,getLotteryDuration
FNDA:0,getRequestConfirmations
DA:77,3
DA:78,3
DA:79,3
DA:80,3
DA:81,3
DA:83,3
DA:84,3
DA:85,3
DA:86,3
DA:91,5
DA:92,4
DA:95,3
DA:96,3
DA:107,1
DA:108,1
DA:109,1
DA:110,0
DA:117,1
DA:132,1
DA:151,1
DA:152,1
DA:153,1
DA:154,1
DA:155,1
DA:156,1
DA:157,1
DA:165,0
DA:166,0
DA:167,0
DA:168,0
DA:169,0
DA:170,0
DA:171,0
DA:172,0
DA:173,0
DA:175,0
DA:181,5
DA:185,1
DA:189,0
DA:193,1
DA:197,5
DA:200,0
DA:204,0
DA:208,0
DA:212,5
DA:216,0
LF:46
LH:30
BRDA:91,1,0,1
BRDA:91,1,1,4
BRDA:92,2,0,1
BRDA:92,2,1,3
BRDA:109,3,0,0
BRDA:109,3,1,1
BRDA:172,4,0,0
BRDA:172,4,1,0
BRF:8
BRH:5
end_of_record
TN:
SF:/Users/steinitz/Documents/Projects/Blockchain/SmartContractCourse/hardhat-lottery-fcc/contracts/mock/VRFCoordinatorV2Mock.sol
FNF:0
FNH:0
LF:0
LH:0
BRF:0
BRH:0
end_of_record
